<?xml version="1.0" encoding="UTF-8"?>
<!-- Generated by org.testng.reporters.JUnitReportReporter -->
<testsuite hostname="DESKTOP-BA3ENRQ" failures="0" tests="1" name="testCases.TC002_InfoPage" time="2.946" errors="0" timestamp="2024-01-19T00:53:36 BDT" skipped="0">
  <testcase classname="testCases.TC002_InfoPage" name="Info" time="2.946"/>
  <system-out/>
</testsuite> <!-- testCases.TC002_InfoPage -->
