<?xml version="1.0" encoding="UTF-8"?>
<!-- Generated by org.testng.reporters.JUnitReportReporter -->
<testsuite hostname="DESKTOP-BA3ENRQ" failures="0" tests="1" name="testCases.TC018_InfoPage" time="3.396" errors="0" timestamp="2024-01-19T18:08:58 BDT" skipped="0">
  <testcase classname="testCases.TC018_InfoPage" name="Info" time="3.396"/>
  <system-out/>
</testsuite> <!-- testCases.TC018_InfoPage -->
