<?xml version="1.0" encoding="UTF-8"?>
<!-- Generated by org.testng.reporters.JUnitReportReporter -->
<testsuite hostname="DESKTOP-BA3ENRQ" failures="0" tests="1" name="testCases.TC025_InfoPage" time="2.149" errors="0" timestamp="2024-01-18T23:53:38 BDT" skipped="0">
  <testcase classname="testCases.TC025_InfoPage" name="Info" time="2.149"/>
  <system-out/>
</testsuite> <!-- testCases.TC025_InfoPage -->
