<?xml version="1.0" encoding="UTF-8"?>
<!-- Generated by org.testng.reporters.JUnitReportReporter -->
<testsuite hostname="DESKTOP-BA3ENRQ" failures="0" tests="1" name="testCases.TC019_InfoPage" time="19.715" errors="0" timestamp="2024-01-19T18:09:35 BDT" skipped="0">
  <testcase classname="testCases.TC019_InfoPage" name="Info" time="19.715"/>
  <system-out/>
</testsuite> <!-- testCases.TC019_InfoPage -->
